[28-Oct-2015 17:43:40 America/Caracas] PHP Fatal error:  Cannot declare class Cupon\OfertaBundle\DataFixtures\ORM\Tarea because the name is already in use in /home/carlos/tesis/src/Tati/ProcesoBundle/DataFixtures/ORM/Tarea.php on line 10
[28-Oct-2015 17:44:40 America/Caracas] PHP Fatal error:  Cannot declare class Cupon\OfertaBundle\DataFixtures\ORM\Tarea because the name is already in use in /home/carlos/tesis/src/Tati/ProcesoBundle/DataFixtures/ORM/Tarea.php on line 10
[28-Oct-2015 17:46:10 America/Caracas] PHP Fatal error:  Class 'Cupon\OfertaBundle\DataFixtures\ORM\Tarea' not found in /home/carlos/tesis/src/Tati/ProcesoBundle/DataFixtures/ORM/LoadTareaData.php on line 22
[28-Oct-2015 17:46:42 America/Caracas] PHP Fatal error:  Class 'Cupon\OfertaBundle\DataFixtures\ORM\Tarea' not found in /home/carlos/tesis/src/Tati/ProcesoBundle/DataFixtures/ORM/LoadTareaData.php on line 17
[28-Oct-2015 17:51:11 America/Caracas] PHP Parse error:  syntax error, unexpected '++' (T_INC), expecting ')' in /home/carlos/tesis/src/Tati/ProcesoBundle/DataFixtures/ORM/LoadTareaData.php on line 17
[02-Feb-2016 00:49:56 America/Caracas] PHP Fatal error:  Class 'Cupon\OfertaBundle\DataFixtures\ORM\EReponsable' not found in /home/carlos/tesis/src/Tati/ProcesoBundle/DataFixtures/ORM/LoadResponsableData.php on line 18
[02-Feb-2016 22:28:59 America/Caracas] PHP Parse error:  syntax error, unexpected 'public' (T_PUBLIC), expecting ',' or ';' in /home/carlos/tesis/src/Tati/ProcesoBundle/Entity/Proceso.php on line 49
[02-Feb-2016 23:39:14 America/Caracas] PHP Fatal error:  Cannot use object of type Tati\ProcesoBundle\Entity\Actividad as array in /home/carlos/tesis/src/Tati/ProcesoBundle/DataFixtures/ORM/LoadProcesoData.php on line 24
[02-Feb-2016 23:50:38 America/Caracas] PHP Fatal error:  Call to undefined method Tati\ProcesoBundle\Entity\Actividad::setsetIdResponsable() in /home/carlos/tesis/src/Tati/ProcesoBundle/DataFixtures/ORM/LoadProcesoData.php on line 28
[03-Feb-2016 00:14:09 America/Caracas] PHP Fatal error:  Call to undefined method Cupon\OfertaBundle\DataFixtures\ORM\LoadProcesoData::getDoctrine() in /home/carlos/tesis/src/Tati/ProcesoBundle/DataFixtures/ORM/LoadProcesoData.php on line 33
[03-Feb-2016 00:16:57 America/Caracas] PHP Fatal error:  Call to undefined method Cupon\OfertaBundle\DataFixtures\ORM\LoadProcesoData::getDoctrine() in /home/carlos/tesis/src/Tati/ProcesoBundle/DataFixtures/ORM/LoadProcesoData.php on line 34
[03-Feb-2016 00:42:02 America/Caracas] PHP Fatal error:  Call to a member function addActividade() on a non-object in /home/carlos/tesis/src/Tati/ProcesoBundle/DataFixtures/ORM/LoadProcesoData.php on line 36
[05-Feb-2016 19:02:33 America/Caracas] PHP Parse error:  syntax error, unexpected 'public' (T_PUBLIC) in /home/carlos/tesis/src/Tati/ProcesoBundle/DataFixtures/ORM/LoadProcesoData.php on line 65
[08-Feb-2016 21:33:15 America/Caracas] PHP Fatal error:  Cannot redeclare class Tati\ProcesoBundle\Entity\Tarea in /home/carlos/tesis/src/Tati/ProcesoBundle/Entity/TipoTarea.php on line 15
[29-Mar-2016 17:04:35 America/Caracas] PHP Parse error:  syntax error, unexpected '}', expecting ',' or ';' in /home/carlos/tesis/src/Tati/ProcesoBundle/Entity/Solicitud.php on line 52
[29-Mar-2016 17:06:02 America/Caracas] PHP Fatal error:  Cannot redeclare class Tati\ProcesoBundle\Entity\actividadSolicitada in /home/carlos/tesis/src/Tati/ProcesoBundle/Entity/actividadSolicitada.php on line 11
[29-Mar-2016 17:06:28 America/Caracas] PHP Fatal error:  Cannot redeclare class Tati\ProcesoBundle\Entity\actividadSolicitada in /home/carlos/tesis/src/Tati/ProcesoBundle/Entity/actividadSolicitada.php on line 11
[29-Mar-2016 17:10:42 America/Caracas] PHP Fatal error:  Cannot redeclare class Tati\ProcesoBundle\Entity\actividadSolicitada in /home/carlos/tesis/src/Tati/ProcesoBundle/Entity/actividadSolicitada.php on line 11
[29-Apr-2016 00:45:32 America/Caracas] PHP Fatal error:  Cannot redeclare class Cupon\OfertaBundle\DataFixtures\ORM\LoadResponsableData in /home/carlos/tesis/src/Tati/ProcesoBundle/DataFixtures/ORM/LoadResponsableData.php on line 10
[30-Apr-2016 19:59:25 America/Caracas] PHP Parse error:  syntax error, unexpected ')' in /home/carlos/tesis/src/Tati/ProcesoBundle/DataFixtures/ORM/LoadUnidadesAcademicasData.php on line 79
[30-Apr-2016 22:07:43 America/Caracas] PHP Parse error:  syntax error, unexpected '$unidadNueva' (T_VARIABLE) in /home/carlos/tesis/src/Tati/ProcesoBundle/DataFixtures/ORM/LoadUnidadesAcademicasData.php on line 78
[30-Apr-2016 22:10:05 America/Caracas] PHP Parse error:  syntax error, unexpected '$unidadNueva' (T_VARIABLE) in /home/carlos/tesis/src/Tati/ProcesoBundle/DataFixtures/ORM/LoadUnidadesAcademicasData.php on line 80
[30-Apr-2016 23:25:23 America/Caracas] PHP Parse error:  syntax error, unexpected ',' in /home/carlos/tesis/src/Tati/ProcesoBundle/DataFixtures/ORM/LoadResponsableData.php on line 16
[30-Apr-2016 23:25:43 America/Caracas] PHP Parse error:  syntax error, unexpected 'foreach' (T_FOREACH) in /home/carlos/tesis/src/Tati/ProcesoBundle/DataFixtures/ORM/LoadResponsableData.php on line 22
[01-May-2016 22:41:14 America/Caracas] PHP Parse error:  syntax error, unexpected ';', expecting function (T_FUNCTION) in /home/carlos/tesis/src/Tati/ProcesoBundle/Entity/Documento.php on line 46
